app/build/intermediates/manifest_merge_blame_file/debug/manifest-merger-blame-debug-report.txt
1<?xml version="1.0" encoding="utf-8"?>
2<manifest xmlns:android="http://schemas.android.com/apk/res/android"
3    package="com.wizd.xposedinlinehook"
4    android:versionCode="1"
5    android:versionName="1.0" >
6
7    <uses-sdk
8        android:minSdkVersion="19"
8-->src/main/AndroidManifest.xml
9        android:targetSdkVersion="31" />
9-->src/main/AndroidManifest.xml
10
11    <application
11-->src/main/AndroidManifest.xml:4:5-21:19
12        android:allowBackup="true"
12-->src/main/AndroidManifest.xml:5:9-35
13        android:appComponentFactory="android.support.v4.app.CoreComponentFactory"
13-->[com.android.support:support-compat:28.0.0] AndroidManifest.xml:22:18-91
14        android:debuggable="true"
15        android:icon="@mipmap/ic_launcher"
15-->src/main/AndroidManifest.xml:6:9-43
16        android:label="@string/app_name"
16-->src/main/AndroidManifest.xml:7:9-41
17        android:roundIcon="@mipmap/ic_launcher_round"
17-->src/main/AndroidManifest.xml:8:9-54
18        android:supportsRtl="true"
18-->src/main/AndroidManifest.xml:9:9-35
19        android:testOnly="true"
20        android:theme="@style/AppTheme" >
20-->src/main/AndroidManifest.xml:10:9-40
21        <meta-data
21-->src/main/AndroidManifest.xml:12:9-14:36
22            android:name="xposedmodule"
22-->src/main/AndroidManifest.xml:13:13-40
23            android:value="true" />
23-->src/main/AndroidManifest.xml:14:13-33
24        <meta-data
24-->src/main/AndroidManifest.xml:15:9-17:50
25            android:name="xposeddescription"
25-->src/main/AndroidManifest.xml:16:13-45
26            android:value="xposed inline hook" />
26-->src/main/AndroidManifest.xml:17:13-47
27        <meta-data
27-->src/main/AndroidManifest.xml:18:9-20:34
28            android:name="xposedminversion"
28-->src/main/AndroidManifest.xml:19:13-44
29            android:value="54" />
29-->src/main/AndroidManifest.xml:20:13-31
30    </application>
31
32</manifest>